<?xml version="1.0" encoding="UTF-8"?>
<testng-results ignored="0" total="2" passed="2" failed="0" skipped="0">
  <reporter-output>
  </reporter-output>
  <suite started-at="2024-09-27T21:22:40 IST" name="Surefire suite" finished-at="2024-09-27T21:22:41 IST" duration-ms="48">
    <groups>
    </groups>
    <test started-at="2024-09-27T21:22:40 IST" name="Surefire test" finished-at="2024-09-27T21:22:41 IST" duration-ms="48">
      <class name="com.teit.AppTest">
        <test-method signature="testlogin2()[pri:0, instance:com.teit.AppTest@5606c0b]" started-at="2024-09-27T21:22:40 IST" name="testlogin2" finished-at="2024-09-27T21:22:40 IST" duration-ms="14" status="PASS">
          <reporter-output>
          </reporter-output>
        </test-method> <!-- testlogin2 -->
        <test-method signature="testloginl()[pri:0, instance:com.teit.AppTest@5606c0b]" started-at="2024-09-27T21:22:40 IST" name="testloginl" finished-at="2024-09-27T21:22:40 IST" duration-ms="1" status="PASS">
          <reporter-output>
          </reporter-output>
        </test-method> <!-- testloginl -->
      </class> <!-- com.teit.AppTest -->
    </test> <!-- Surefire test -->
  </suite> <!-- Surefire suite -->
</testng-results>
